<?xml version="1.0" encoding="UTF-8"?>
<testsuite name="com.example.account.service.impl.BalanceServiceImplTest" tests="4" skipped="0" failures="0" errors="0" timestamp="2025-07-28T15:51:45" hostname="NB-CTRL2GO-167" time="1.305">
  <properties/>
  <testcase name="testAddWithdrawTransaction_InsufficientFunds()" classname="com.example.account.service.impl.BalanceServiceImplTest" time="1.278"/>
  <testcase name="testGetBalance_NoTransactions()" classname="com.example.account.service.impl.BalanceServiceImplTest" time="0.007"/>
  <testcase name="testCreateBalance()" classname="com.example.account.service.impl.BalanceServiceImplTest" time="0.01"/>
  <testcase name="testAddDepositTransaction()" classname="com.example.account.service.impl.BalanceServiceImplTest" time="0.004"/>
  <system-out><![CDATA[]]></system-out>
  <system-err><![CDATA[WARNING: A Java agent has been loaded dynamically (C:\Users\i.roganov\.gradle\caches\modules-2\files-2.1\net.bytebuddy\byte-buddy-agent\1.14.13\979ce25f7d3096a2e82214ba7dc972a05ce7a171\byte-buddy-agent-1.14.13.jar)
WARNING: If a serviceability tool is in use, please run with -XX:+EnableDynamicAgentLoading to hide this warning
WARNING: If a serviceability tool is not in use, please run with -Djdk.instrument.traceUsage for more information
WARNING: Dynamic loading of agents will be disallowed by default in a future release
]]></system-err>
</testsuite>
